<?xml version="1.0" encoding="UTF-8"?>
<testsuite xmlns:xsi="http://www.w3.org/2001/XMLSchema-instance" xsi:noNamespaceSchemaLocation="https://maven.apache.org/surefire/maven-surefire-plugin/xsd/surefire-test-report-3.0.xsd" version="3.0" name="com.application.OnlineTutorialManagementApplicationTests" time="25.684" tests="1" errors="0" skipped="0" failures="0">
  <properties>
    <property name="java.specification.version" value="17"/>
    <property name="sun.cpu.isalist" value="amd64"/>
    <property name="sun.jnu.encoding" value="Cp1252"/>
    <property name="java.class.path" value="D:\DOMAIN\PROJECT\Online-_Tutorial_System_Backend\target\test-classes;D:\DOMAIN\PROJECT\Online-_Tutorial_System_Backend\target\classes;C:\Users\madha\.m2\repository\org\springframework\boot\spring-boot-starter-actuator\3.1.6\spring-boot-starter-actuator-3.1.6.jar;C:\Users\madha\.m2\repository\org\springframework\boot\spring-boot-starter\3.1.6\spring-boot-starter-3.1.6.jar;C:\Users\madha\.m2\repository\org\springframework\boot\spring-boot-starter-logging\3.1.6\spring-boot-starter-logging-3.1.6.jar;C:\Users\madha\.m2\repository\ch\qos\logback\logback-classic\1.4.11\logback-classic-1.4.11.jar;C:\Users\madha\.m2\repository\ch\qos\logback\logback-core\1.4.11\logback-core-1.4.11.jar;C:\Users\madha\.m2\repository\org\apache\logging\log4j\log4j-to-slf4j\2.20.0\log4j-to-slf4j-2.20.0.jar;C:\Users\madha\.m2\repository\org\apache\logging\log4j\log4j-api\2.20.0\log4j-api-2.20.0.jar;C:\Users\madha\.m2\repository\org\slf4j\jul-to-slf4j\2.0.9\jul-to-slf4j-2.0.9.jar;C:\Users\madha\.m2\repository\jakarta\annotation\jakarta.annotation-api\2.1.1\jakarta.annotation-api-2.1.1.jar;C:\Users\madha\.m2\repository\org\yaml\snakeyaml\1.33\snakeyaml-1.33.jar;C:\Users\madha\.m2\repository\org\springframework\boot\spring-boot-actuator-autoconfigure\3.1.6\spring-boot-actuator-autoconfigure-3.1.6.jar;C:\Users\madha\.m2\repository\org\springframework\boot\spring-boot-actuator\3.1.6\spring-boot-actuator-3.1.6.jar;C:\Users\madha\.m2\repository\com\fasterxml\jackson\core\jackson-databind\2.15.3\jackson-databind-2.15.3.jar;C:\Users\madha\.m2\repository\com\fasterxml\jackson\core\jackson-annotations\2.15.3\jackson-annotations-2.15.3.jar;C:\Users\madha\.m2\repository\com\fasterxml\jackson\datatype\jackson-datatype-jsr310\2.15.3\jackson-datatype-jsr310-2.15.3.jar;C:\Users\madha\.m2\repository\io\micrometer\micrometer-observation\1.11.6\micrometer-observation-1.11.6.jar;C:\Users\madha\.m2\repository\io\micrometer\micrometer-commons\1.11.6\micrometer-commons-1.11.6.jar;C:\Users\madha\.m2\repository\io\micrometer\micrometer-core\1.11.6\micrometer-core-1.11.6.jar;C:\Users\madha\.m2\repository\org\hdrhistogram\HdrHistogram\2.1.12\HdrHistogram-2.1.12.jar;C:\Users\madha\.m2\repository\org\latencyutils\LatencyUtils\2.0.3\LatencyUtils-2.0.3.jar;C:\Users\madha\.m2\repository\org\springframework\boot\spring-boot-starter-data-jpa\3.1.6\spring-boot-starter-data-jpa-3.1.6.jar;C:\Users\madha\.m2\repository\org\springframework\boot\spring-boot-starter-aop\3.1.6\spring-boot-starter-aop-3.1.6.jar;C:\Users\madha\.m2\repository\org\springframework\spring-aop\6.0.14\spring-aop-6.0.14.jar;C:\Users\madha\.m2\repository\org\aspectj\aspectjweaver\1.9.20.1\aspectjweaver-1.9.20.1.jar;C:\Users\madha\.m2\repository\org\springframework\boot\spring-boot-starter-jdbc\3.1.6\spring-boot-starter-jdbc-3.1.6.jar;C:\Users\madha\.m2\repository\com\zaxxer\HikariCP\5.0.1\HikariCP-5.0.1.jar;C:\Users\madha\.m2\repository\org\springframework\spring-jdbc\6.0.14\spring-jdbc-6.0.14.jar;C:\Users\madha\.m2\repository\org\hibernate\orm\hibernate-core\6.2.13.Final\hibernate-core-6.2.13.Final.jar;C:\Users\madha\.m2\repository\jakarta\persistence\jakarta.persistence-api\3.1.0\jakarta.persistence-api-3.1.0.jar;C:\Users\madha\.m2\repository\jakarta\transaction\jakarta.transaction-api\2.0.1\jakarta.transaction-api-2.0.1.jar;C:\Users\madha\.m2\repository\org\jboss\logging\jboss-logging\3.5.3.Final\jboss-logging-3.5.3.Final.jar;C:\Users\madha\.m2\repository\org\hibernate\common\hibernate-commons-annotations\6.0.6.Final\hibernate-commons-annotations-6.0.6.Final.jar;C:\Users\madha\.m2\repository\io\smallrye\jandex\3.0.5\jandex-3.0.5.jar;C:\Users\madha\.m2\repository\com\fasterxml\classmate\1.5.1\classmate-1.5.1.jar;C:\Users\madha\.m2\repository\net\bytebuddy\byte-buddy\1.14.10\byte-buddy-1.14.10.jar;C:\Users\madha\.m2\repository\jakarta\inject\jakarta.inject-api\2.0.1\jakarta.inject-api-2.0.1.jar;C:\Users\madha\.m2\repository\org\antlr\antlr4-runtime\4.10.1\antlr4-runtime-4.10.1.jar;C:\Users\madha\.m2\repository\org\springframework\data\spring-data-jpa\3.1.6\spring-data-jpa-3.1.6.jar;C:\Users\madha\.m2\repository\org\springframework\spring-orm\6.0.14\spring-orm-6.0.14.jar;C:\Users\madha\.m2\repository\org\springframework\spring-aspects\6.0.14\spring-aspects-6.0.14.jar;C:\Users\madha\.m2\repository\org\springframework\boot\spring-boot-starter-web\3.1.6\spring-boot-starter-web-3.1.6.jar;C:\Users\madha\.m2\repository\org\springframework\boot\spring-boot-starter-json\3.1.6\spring-boot-starter-json-3.1.6.jar;C:\Users\madha\.m2\repository\com\fasterxml\jackson\datatype\jackson-datatype-jdk8\2.15.3\jackson-datatype-jdk8-2.15.3.jar;C:\Users\madha\.m2\repository\com\fasterxml\jackson\module\jackson-module-parameter-names\2.15.3\jackson-module-parameter-names-2.15.3.jar;C:\Users\madha\.m2\repository\org\springframework\boot\spring-boot-starter-tomcat\3.1.6\spring-boot-starter-tomcat-3.1.6.jar;C:\Users\madha\.m2\repository\org\apache\tomcat\embed\tomcat-embed-core\10.1.16\tomcat-embed-core-10.1.16.jar;C:\Users\madha\.m2\repository\org\apache\tomcat\embed\tomcat-embed-el\10.1.16\tomcat-embed-el-10.1.16.jar;C:\Users\madha\.m2\repository\org\apache\tomcat\embed\tomcat-embed-websocket\10.1.16\tomcat-embed-websocket-10.1.16.jar;C:\Users\madha\.m2\repository\org\springframework\spring-web\6.0.14\spring-web-6.0.14.jar;C:\Users\madha\.m2\repository\org\springframework\spring-webmvc\6.0.14\spring-webmvc-6.0.14.jar;C:\Users\madha\.m2\repository\org\glassfish\jaxb\jaxb-runtime\4.0.4\jaxb-runtime-4.0.4.jar;C:\Users\madha\.m2\repository\org\glassfish\jaxb\jaxb-core\4.0.4\jaxb-core-4.0.4.jar;C:\Users\madha\.m2\repository\jakarta\activation\jakarta.activation-api\2.1.2\jakarta.activation-api-2.1.2.jar;C:\Users\madha\.m2\repository\org\eclipse\angus\angus-activation\2.0.1\angus-activation-2.0.1.jar;C:\Users\madha\.m2\repository\org\glassfish\jaxb\txw2\4.0.4\txw2-4.0.4.jar;C:\Users\madha\.m2\repository\com\sun\istack\istack-commons-runtime\4.1.2\istack-commons-runtime-4.1.2.jar;C:\Users\madha\.m2\repository\org\springframework\boot\spring-boot-devtools\3.1.6\spring-boot-devtools-3.1.6.jar;C:\Users\madha\.m2\repository\org\springframework\boot\spring-boot\3.1.6\spring-boot-3.1.6.jar;C:\Users\madha\.m2\repository\org\springframework\boot\spring-boot-autoconfigure\3.1.6\spring-boot-autoconfigure-3.1.6.jar;C:\Users\madha\.m2\repository\com\mysql\mysql-connector-j\8.0.33\mysql-connector-j-8.0.33.jar;C:\Users\madha\.m2\repository\org\springframework\boot\spring-boot-starter-test\3.1.6\spring-boot-starter-test-3.1.6.jar;C:\Users\madha\.m2\repository\org\springframework\boot\spring-boot-test\3.1.6\spring-boot-test-3.1.6.jar;C:\Users\madha\.m2\repository\org\springframework\boot\spring-boot-test-autoconfigure\3.1.6\spring-boot-test-autoconfigure-3.1.6.jar;C:\Users\madha\.m2\repository\com\jayway\jsonpath\json-path\2.8.0\json-path-2.8.0.jar;C:\Users\madha\.m2\repository\jakarta\xml\bind\jakarta.xml.bind-api\4.0.1\jakarta.xml.bind-api-4.0.1.jar;C:\Users\madha\.m2\repository\net\minidev\json-smart\2.4.11\json-smart-2.4.11.jar;C:\Users\madha\.m2\repository\net\minidev\accessors-smart\2.4.11\accessors-smart-2.4.11.jar;C:\Users\madha\.m2\repository\org\ow2\asm\asm\9.3\asm-9.3.jar;C:\Users\madha\.m2\repository\org\assertj\assertj-core\3.24.2\assertj-core-3.24.2.jar;C:\Users\madha\.m2\repository\org\hamcrest\hamcrest\2.2\hamcrest-2.2.jar;C:\Users\madha\.m2\repository\org\junit\jupiter\junit-jupiter\5.9.3\junit-jupiter-5.9.3.jar;C:\Users\madha\.m2\repository\org\junit\jupiter\junit-jupiter-api\5.9.3\junit-jupiter-api-5.9.3.jar;C:\Users\madha\.m2\repository\org\opentest4j\opentest4j\1.2.0\opentest4j-1.2.0.jar;C:\Users\madha\.m2\repository\org\junit\platform\junit-platform-commons\1.9.3\junit-platform-commons-1.9.3.jar;C:\Users\madha\.m2\repository\org\apiguardian\apiguardian-api\1.1.2\apiguardian-api-1.1.2.jar;C:\Users\madha\.m2\repository\org\junit\jupiter\junit-jupiter-params\5.9.3\junit-jupiter-params-5.9.3.jar;C:\Users\madha\.m2\repository\org\junit\jupiter\junit-jupiter-engine\5.9.3\junit-jupiter-engine-5.9.3.jar;C:\Users\madha\.m2\repository\org\junit\platform\junit-platform-engine\1.9.3\junit-platform-engine-1.9.3.jar;C:\Users\madha\.m2\repository\org\mockito\mockito-core\5.3.1\mockito-core-5.3.1.jar;C:\Users\madha\.m2\repository\net\bytebuddy\byte-buddy-agent\1.14.10\byte-buddy-agent-1.14.10.jar;C:\Users\madha\.m2\repository\org\objenesis\objenesis\3.3\objenesis-3.3.jar;C:\Users\madha\.m2\repository\org\mockito\mockito-junit-jupiter\5.3.1\mockito-junit-jupiter-5.3.1.jar;C:\Users\madha\.m2\repository\org\skyscreamer\jsonassert\1.5.1\jsonassert-1.5.1.jar;C:\Users\madha\.m2\repository\com\vaadin\external\google\android-json\0.0.20131108.vaadin1\android-json-0.0.20131108.vaadin1.jar;C:\Users\madha\.m2\repository\org\springframework\spring-core\6.0.14\spring-core-6.0.14.jar;C:\Users\madha\.m2\repository\org\springframework\spring-jcl\6.0.14\spring-jcl-6.0.14.jar;C:\Users\madha\.m2\repository\org\springframework\spring-test\6.0.14\spring-test-6.0.14.jar;C:\Users\madha\.m2\repository\org\xmlunit\xmlunit-core\2.9.1\xmlunit-core-2.9.1.jar;C:\Users\madha\.m2\repository\com\cloudinary\cloudinary-http44\1.30.0\cloudinary-http44-1.30.0.jar;C:\Users\madha\.m2\repository\com\cloudinary\cloudinary-core\1.30.0\cloudinary-core-1.30.0.jar;C:\Users\madha\.m2\repository\org\apache\commons\commons-lang3\3.12.0\commons-lang3-3.12.0.jar;C:\Users\madha\.m2\repository\org\apache\httpcomponents\httpclient\4.4\httpclient-4.4.jar;C:\Users\madha\.m2\repository\org\apache\httpcomponents\httpcore\4.4.16\httpcore-4.4.16.jar;C:\Users\madha\.m2\repository\commons-logging\commons-logging\1.2\commons-logging-1.2.jar;C:\Users\madha\.m2\repository\commons-codec\commons-codec\1.15\commons-codec-1.15.jar;C:\Users\madha\.m2\repository\org\apache\httpcomponents\httpmime\4.4\httpmime-4.4.jar;C:\Users\madha\.m2\repository\com\google\firebase\firebase-admin\7.0.0\firebase-admin-7.0.0.jar;C:\Users\madha\.m2\repository\com\google\api-client\google-api-client\1.30.10\google-api-client-1.30.10.jar;C:\Users\madha\.m2\repository\com\google\oauth-client\google-oauth-client\1.31.0\google-oauth-client-1.31.0.jar;C:\Users\madha\.m2\repository\com\google\http-client\google-http-client-jackson2\1.36.0\google-http-client-jackson2-1.36.0.jar;C:\Users\madha\.m2\repository\com\google\api-client\google-api-client-gson\1.30.10\google-api-client-gson-1.30.10.jar;C:\Users\madha\.m2\repository\com\google\http-client\google-http-client-gson\1.36.0\google-http-client-gson-1.36.0.jar;C:\Users\madha\.m2\repository\com\google\http-client\google-http-client\1.35.0\google-http-client-1.35.0.jar;C:\Users\madha\.m2\repository\com\google\code\findbugs\jsr305\3.0.2\jsr305-3.0.2.jar;C:\Users\madha\.m2\repository\com\google\j2objc\j2objc-annotations\1.3\j2objc-annotations-1.3.jar;C:\Users\madha\.m2\repository\io\opencensus\opencensus-api\0.24.0\opencensus-api-0.24.0.jar;C:\Users\madha\.m2\repository\io\opencensus\opencensus-contrib-http-util\0.24.0\opencensus-contrib-http-util-0.24.0.jar;C:\Users\madha\.m2\repository\com\google\api\api-common\1.9.2\api-common-1.9.2.jar;C:\Users\madha\.m2\repository\javax\annotation\javax.annotation-api\1.3.2\javax.annotation-api-1.3.2.jar;C:\Users\madha\.m2\repository\com\google\auto\value\auto-value-annotations\1.7.2\auto-value-annotations-1.7.2.jar;C:\Users\madha\.m2\repository\com\google\auth\google-auth-library-oauth2-http\0.20.0\google-auth-library-oauth2-http-0.20.0.jar;C:\Users\madha\.m2\repository\com\google\auth\google-auth-library-credentials\0.20.0\google-auth-library-credentials-0.20.0.jar;C:\Users\madha\.m2\repository\com\google\cloud\google-cloud-storage\1.110.0\google-cloud-storage-1.110.0.jar;C:\Users\madha\.m2\repository\com\google\guava\failureaccess\1.0.1\failureaccess-1.0.1.jar;C:\Users\madha\.m2\repository\com\google\guava\listenablefuture\9999.0-empty-to-avoid-conflict-with-guava\listenablefuture-9999.0-empty-to-avoid-conflict-with-guava.jar;C:\Users\madha\.m2\repository\org\checkerframework\checker-compat-qual\2.5.5\checker-compat-qual-2.5.5.jar;C:\Users\madha\.m2\repository\com\google\errorprone\error_prone_annotations\2.3.4\error_prone_annotations-2.3.4.jar;C:\Users\madha\.m2\repository\com\fasterxml\jackson\core\jackson-core\2.15.3\jackson-core-2.15.3.jar;C:\Users\madha\.m2\repository\com\google\apis\google-api-services-storage\v1-rev20200430-1.30.9\google-api-services-storage-v1-rev20200430-1.30.9.jar;C:\Users\madha\.m2\repository\com\google\code\gson\gson\2.10.1\gson-2.10.1.jar;C:\Users\madha\.m2\repository\com\google\cloud\google-cloud-core\1.93.6\google-cloud-core-1.93.6.jar;C:\Users\madha\.m2\repository\com\google\api\grpc\proto-google-common-protos\1.18.0\proto-google-common-protos-1.18.0.jar;C:\Users\madha\.m2\repository\com\google\cloud\google-cloud-core-http\1.93.6\google-cloud-core-http-1.93.6.jar;C:\Users\madha\.m2\repository\com\google\http-client\google-http-client-appengine\1.35.0\google-http-client-appengine-1.35.0.jar;C:\Users\madha\.m2\repository\com\google\api\gax-httpjson\0.74.0\gax-httpjson-0.74.0.jar;C:\Users\madha\.m2\repository\com\google\api\gax\1.57.0\gax-1.57.0.jar;C:\Users\madha\.m2\repository\io\grpc\grpc-context\1.30.0\grpc-context-1.30.0.jar;C:\Users\madha\.m2\repository\com\google\api\grpc\proto-google-iam-v1\0.13.0\proto-google-iam-v1-0.13.0.jar;C:\Users\madha\.m2\repository\com\google\protobuf\protobuf-java\3.12.2\protobuf-java-3.12.2.jar;C:\Users\madha\.m2\repository\com\google\protobuf\protobuf-java-util\3.12.2\protobuf-java-util-3.12.2.jar;C:\Users\madha\.m2\repository\org\threeten\threetenbp\1.4.4\threetenbp-1.4.4.jar;C:\Users\madha\.m2\repository\com\google\cloud\google-cloud-firestore\1.35.0\google-cloud-firestore-1.35.0.jar;C:\Users\madha\.m2\repository\com\google\cloud\google-cloud-core-grpc\1.93.6\google-cloud-core-grpc-1.93.6.jar;C:\Users\madha\.m2\repository\io\grpc\grpc-core\1.30.0\grpc-core-1.30.0.jar;C:\Users\madha\.m2\repository\com\google\android\annotations\4.1.1.4\annotations-4.1.1.4.jar;C:\Users\madha\.m2\repository\io\perfmark\perfmark-api\0.19.0\perfmark-api-0.19.0.jar;C:\Users\madha\.m2\repository\com\google\api\grpc\proto-google-cloud-firestore-admin-v1\1.35.0\proto-google-cloud-firestore-admin-v1-1.35.0.jar;C:\Users\madha\.m2\repository\com\google\api\grpc\proto-google-cloud-firestore-v1\1.35.0\proto-google-cloud-firestore-v1-1.35.0.jar;C:\Users\madha\.m2\repository\com\google\api\grpc\proto-google-cloud-firestore-v1beta1\0.88.0\proto-google-cloud-firestore-v1beta1-0.88.0.jar;C:\Users\madha\.m2\repository\io\opencensus\opencensus-contrib-grpc-util\0.24.0\opencensus-contrib-grpc-util-0.24.0.jar;C:\Users\madha\.m2\repository\io\grpc\grpc-protobuf\1.30.0\grpc-protobuf-1.30.0.jar;C:\Users\madha\.m2\repository\io\grpc\grpc-protobuf-lite\1.30.0\grpc-protobuf-lite-1.30.0.jar;C:\Users\madha\.m2\repository\org\codehaus\mojo\animal-sniffer-annotations\1.18\animal-sniffer-annotations-1.18.jar;C:\Users\madha\.m2\repository\io\grpc\grpc-api\1.30.0\grpc-api-1.30.0.jar;C:\Users\madha\.m2\repository\com\google\api\gax-grpc\1.57.0\gax-grpc-1.57.0.jar;C:\Users\madha\.m2\repository\io\grpc\grpc-auth\1.30.0\grpc-auth-1.30.0.jar;C:\Users\madha\.m2\repository\io\grpc\grpc-netty-shaded\1.30.0\grpc-netty-shaded-1.30.0.jar;C:\Users\madha\.m2\repository\io\grpc\grpc-alts\1.30.0\grpc-alts-1.30.0.jar;C:\Users\madha\.m2\repository\io\grpc\grpc-grpclb\1.30.0\grpc-grpclb-1.30.0.jar;C:\Users\madha\.m2\repository\org\conscrypt\conscrypt-openjdk-uber\2.2.1\conscrypt-openjdk-uber-2.2.1.jar;C:\Users\madha\.m2\repository\io\grpc\grpc-stub\1.30.0\grpc-stub-1.30.0.jar;C:\Users\madha\.m2\repository\com\google\guava\guava\29.0-android\guava-29.0-android.jar;C:\Users\madha\.m2\repository\org\slf4j\slf4j-api\2.0.9\slf4j-api-2.0.9.jar;C:\Users\madha\.m2\repository\io\netty\netty-codec-http\4.1.101.Final\netty-codec-http-4.1.101.Final.jar;C:\Users\madha\.m2\repository\io\netty\netty-common\4.1.101.Final\netty-common-4.1.101.Final.jar;C:\Users\madha\.m2\repository\io\netty\netty-buffer\4.1.101.Final\netty-buffer-4.1.101.Final.jar;C:\Users\madha\.m2\repository\io\netty\netty-codec\4.1.101.Final\netty-codec-4.1.101.Final.jar;C:\Users\madha\.m2\repository\io\netty\netty-handler\4.1.101.Final\netty-handler-4.1.101.Final.jar;C:\Users\madha\.m2\repository\io\netty\netty-resolver\4.1.101.Final\netty-resolver-4.1.101.Final.jar;C:\Users\madha\.m2\repository\io\netty\netty-transport-native-unix-common\4.1.101.Final\netty-transport-native-unix-common-4.1.101.Final.jar;C:\Users\madha\.m2\repository\io\netty\netty-transport\4.1.101.Final\netty-transport-4.1.101.Final.jar;C:\Users\madha\.m2\repository\org\springframework\data\spring-data-mongodb\4.1.6\spring-data-mongodb-4.1.6.jar;C:\Users\madha\.m2\repository\org\springframework\spring-tx\6.0.14\spring-tx-6.0.14.jar;C:\Users\madha\.m2\repository\org\springframework\spring-context\6.0.14\spring-context-6.0.14.jar;C:\Users\madha\.m2\repository\org\springframework\spring-beans\6.0.14\spring-beans-6.0.14.jar;C:\Users\madha\.m2\repository\org\springframework\spring-expression\6.0.14\spring-expression-6.0.14.jar;C:\Users\madha\.m2\repository\org\springframework\data\spring-data-commons\3.1.6\spring-data-commons-3.1.6.jar;C:\Users\madha\.m2\repository\org\mongodb\mongodb-driver-core\4.9.1\mongodb-driver-core-4.9.1.jar;C:\Users\madha\.m2\repository\org\mongodb\bson\4.9.1\bson-4.9.1.jar;C:\Users\madha\.m2\repository\org\mongodb\bson-record-codec\4.9.1\bson-record-codec-4.9.1.jar;C:\Users\madha\.m2\repository\org\springframework\boot\spring-boot-starter-data-mongodb\3.1.6\spring-boot-starter-data-mongodb-3.1.6.jar;C:\Users\madha\.m2\repository\org\mongodb\mongodb-driver-sync\4.9.1\mongodb-driver-sync-4.9.1.jar;"/>
    <property name="java.vm.vendor" value="Eclipse Adoptium"/>
    <property name="sun.arch.data.model" value="64"/>
    <property name="user.variant" value=""/>
    <property name="java.vendor.url" value="https://adoptium.net/"/>
    <property name="user.timezone" value="Asia/Calcutta"/>
    <property name="org.jboss.logging.provider" value="slf4j"/>
    <property name="os.name" value="Windows 11"/>
    <property name="java.vm.specification.version" value="17"/>
    <property name="sun.java.launcher" value="SUN_STANDARD"/>
    <property name="user.country" value="IN"/>
    <property name="sun.boot.library.path" value="D:\DOMAIN\PROJECT\sts-4.21.0.RELEASE\plugins\org.eclipse.justj.openjdk.hotspot.jre.full.win32.x86_64_17.0.9.v20231028-0858\jre\bin"/>
    <property name="sun.java.command" value="C:\Users\madha\AppData\Local\Temp\surefire7600956211850208316\surefirebooter-20240824154044027_3.jar C:\Users\madha\AppData\Local\Temp\surefire7600956211850208316 2024-08-24T15-40-43_686-jvmRun1 surefire-20240824154044027_1tmp surefire_0-20240824154044027_2tmp"/>
    <property name="jdk.debug" value="release"/>
    <property name="surefire.test.class.path" value="D:\DOMAIN\PROJECT\Online-_Tutorial_System_Backend\target\test-classes;D:\DOMAIN\PROJECT\Online-_Tutorial_System_Backend\target\classes;C:\Users\madha\.m2\repository\org\springframework\boot\spring-boot-starter-actuator\3.1.6\spring-boot-starter-actuator-3.1.6.jar;C:\Users\madha\.m2\repository\org\springframework\boot\spring-boot-starter\3.1.6\spring-boot-starter-3.1.6.jar;C:\Users\madha\.m2\repository\org\springframework\boot\spring-boot-starter-logging\3.1.6\spring-boot-starter-logging-3.1.6.jar;C:\Users\madha\.m2\repository\ch\qos\logback\logback-classic\1.4.11\logback-classic-1.4.11.jar;C:\Users\madha\.m2\repository\ch\qos\logback\logback-core\1.4.11\logback-core-1.4.11.jar;C:\Users\madha\.m2\repository\org\apache\logging\log4j\log4j-to-slf4j\2.20.0\log4j-to-slf4j-2.20.0.jar;C:\Users\madha\.m2\repository\org\apache\logging\log4j\log4j-api\2.20.0\log4j-api-2.20.0.jar;C:\Users\madha\.m2\repository\org\slf4j\jul-to-slf4j\2.0.9\jul-to-slf4j-2.0.9.jar;C:\Users\madha\.m2\repository\jakarta\annotation\jakarta.annotation-api\2.1.1\jakarta.annotation-api-2.1.1.jar;C:\Users\madha\.m2\repository\org\yaml\snakeyaml\1.33\snakeyaml-1.33.jar;C:\Users\madha\.m2\repository\org\springframework\boot\spring-boot-actuator-autoconfigure\3.1.6\spring-boot-actuator-autoconfigure-3.1.6.jar;C:\Users\madha\.m2\repository\org\springframework\boot\spring-boot-actuator\3.1.6\spring-boot-actuator-3.1.6.jar;C:\Users\madha\.m2\repository\com\fasterxml\jackson\core\jackson-databind\2.15.3\jackson-databind-2.15.3.jar;C:\Users\madha\.m2\repository\com\fasterxml\jackson\core\jackson-annotations\2.15.3\jackson-annotations-2.15.3.jar;C:\Users\madha\.m2\repository\com\fasterxml\jackson\datatype\jackson-datatype-jsr310\2.15.3\jackson-datatype-jsr310-2.15.3.jar;C:\Users\madha\.m2\repository\io\micrometer\micrometer-observation\1.11.6\micrometer-observation-1.11.6.jar;C:\Users\madha\.m2\repository\io\micrometer\micrometer-commons\1.11.6\micrometer-commons-1.11.6.jar;C:\Users\madha\.m2\repository\io\micrometer\micrometer-core\1.11.6\micrometer-core-1.11.6.jar;C:\Users\madha\.m2\repository\org\hdrhistogram\HdrHistogram\2.1.12\HdrHistogram-2.1.12.jar;C:\Users\madha\.m2\repository\org\latencyutils\LatencyUtils\2.0.3\LatencyUtils-2.0.3.jar;C:\Users\madha\.m2\repository\org\springframework\boot\spring-boot-starter-data-jpa\3.1.6\spring-boot-starter-data-jpa-3.1.6.jar;C:\Users\madha\.m2\repository\org\springframework\boot\spring-boot-starter-aop\3.1.6\spring-boot-starter-aop-3.1.6.jar;C:\Users\madha\.m2\repository\org\springframework\spring-aop\6.0.14\spring-aop-6.0.14.jar;C:\Users\madha\.m2\repository\org\aspectj\aspectjweaver\1.9.20.1\aspectjweaver-1.9.20.1.jar;C:\Users\madha\.m2\repository\org\springframework\boot\spring-boot-starter-jdbc\3.1.6\spring-boot-starter-jdbc-3.1.6.jar;C:\Users\madha\.m2\repository\com\zaxxer\HikariCP\5.0.1\HikariCP-5.0.1.jar;C:\Users\madha\.m2\repository\org\springframework\spring-jdbc\6.0.14\spring-jdbc-6.0.14.jar;C:\Users\madha\.m2\repository\org\hibernate\orm\hibernate-core\6.2.13.Final\hibernate-core-6.2.13.Final.jar;C:\Users\madha\.m2\repository\jakarta\persistence\jakarta.persistence-api\3.1.0\jakarta.persistence-api-3.1.0.jar;C:\Users\madha\.m2\repository\jakarta\transaction\jakarta.transaction-api\2.0.1\jakarta.transaction-api-2.0.1.jar;C:\Users\madha\.m2\repository\org\jboss\logging\jboss-logging\3.5.3.Final\jboss-logging-3.5.3.Final.jar;C:\Users\madha\.m2\repository\org\hibernate\common\hibernate-commons-annotations\6.0.6.Final\hibernate-commons-annotations-6.0.6.Final.jar;C:\Users\madha\.m2\repository\io\smallrye\jandex\3.0.5\jandex-3.0.5.jar;C:\Users\madha\.m2\repository\com\fasterxml\classmate\1.5.1\classmate-1.5.1.jar;C:\Users\madha\.m2\repository\net\bytebuddy\byte-buddy\1.14.10\byte-buddy-1.14.10.jar;C:\Users\madha\.m2\repository\jakarta\inject\jakarta.inject-api\2.0.1\jakarta.inject-api-2.0.1.jar;C:\Users\madha\.m2\repository\org\antlr\antlr4-runtime\4.10.1\antlr4-runtime-4.10.1.jar;C:\Users\madha\.m2\repository\org\springframework\data\spring-data-jpa\3.1.6\spring-data-jpa-3.1.6.jar;C:\Users\madha\.m2\repository\org\springframework\spring-orm\6.0.14\spring-orm-6.0.14.jar;C:\Users\madha\.m2\repository\org\springframework\spring-aspects\6.0.14\spring-aspects-6.0.14.jar;C:\Users\madha\.m2\repository\org\springframework\boot\spring-boot-starter-web\3.1.6\spring-boot-starter-web-3.1.6.jar;C:\Users\madha\.m2\repository\org\springframework\boot\spring-boot-starter-json\3.1.6\spring-boot-starter-json-3.1.6.jar;C:\Users\madha\.m2\repository\com\fasterxml\jackson\datatype\jackson-datatype-jdk8\2.15.3\jackson-datatype-jdk8-2.15.3.jar;C:\Users\madha\.m2\repository\com\fasterxml\jackson\module\jackson-module-parameter-names\2.15.3\jackson-module-parameter-names-2.15.3.jar;C:\Users\madha\.m2\repository\org\springframework\boot\spring-boot-starter-tomcat\3.1.6\spring-boot-starter-tomcat-3.1.6.jar;C:\Users\madha\.m2\repository\org\apache\tomcat\embed\tomcat-embed-core\10.1.16\tomcat-embed-core-10.1.16.jar;C:\Users\madha\.m2\repository\org\apache\tomcat\embed\tomcat-embed-el\10.1.16\tomcat-embed-el-10.1.16.jar;C:\Users\madha\.m2\repository\org\apache\tomcat\embed\tomcat-embed-websocket\10.1.16\tomcat-embed-websocket-10.1.16.jar;C:\Users\madha\.m2\repository\org\springframework\spring-web\6.0.14\spring-web-6.0.14.jar;C:\Users\madha\.m2\repository\org\springframework\spring-webmvc\6.0.14\spring-webmvc-6.0.14.jar;C:\Users\madha\.m2\repository\org\glassfish\jaxb\jaxb-runtime\4.0.4\jaxb-runtime-4.0.4.jar;C:\Users\madha\.m2\repository\org\glassfish\jaxb\jaxb-core\4.0.4\jaxb-core-4.0.4.jar;C:\Users\madha\.m2\repository\jakarta\activation\jakarta.activation-api\2.1.2\jakarta.activation-api-2.1.2.jar;C:\Users\madha\.m2\repository\org\eclipse\angus\angus-activation\2.0.1\angus-activation-2.0.1.jar;C:\Users\madha\.m2\repository\org\glassfish\jaxb\txw2\4.0.4\txw2-4.0.4.jar;C:\Users\madha\.m2\repository\com\sun\istack\istack-commons-runtime\4.1.2\istack-commons-runtime-4.1.2.jar;C:\Users\madha\.m2\repository\org\springframework\boot\spring-boot-devtools\3.1.6\spring-boot-devtools-3.1.6.jar;C:\Users\madha\.m2\repository\org\springframework\boot\spring-boot\3.1.6\spring-boot-3.1.6.jar;C:\Users\madha\.m2\repository\org\springframework\boot\spring-boot-autoconfigure\3.1.6\spring-boot-autoconfigure-3.1.6.jar;C:\Users\madha\.m2\repository\com\mysql\mysql-connector-j\8.0.33\mysql-connector-j-8.0.33.jar;C:\Users\madha\.m2\repository\org\springframework\boot\spring-boot-starter-test\3.1.6\spring-boot-starter-test-3.1.6.jar;C:\Users\madha\.m2\repository\org\springframework\boot\spring-boot-test\3.1.6\spring-boot-test-3.1.6.jar;C:\Users\madha\.m2\repository\org\springframework\boot\spring-boot-test-autoconfigure\3.1.6\spring-boot-test-autoconfigure-3.1.6.jar;C:\Users\madha\.m2\repository\com\jayway\jsonpath\json-path\2.8.0\json-path-2.8.0.jar;C:\Users\madha\.m2\repository\jakarta\xml\bind\jakarta.xml.bind-api\4.0.1\jakarta.xml.bind-api-4.0.1.jar;C:\Users\madha\.m2\repository\net\minidev\json-smart\2.4.11\json-smart-2.4.11.jar;C:\Users\madha\.m2\repository\net\minidev\accessors-smart\2.4.11\accessors-smart-2.4.11.jar;C:\Users\madha\.m2\repository\org\ow2\asm\asm\9.3\asm-9.3.jar;C:\Users\madha\.m2\repository\org\assertj\assertj-core\3.24.2\assertj-core-3.24.2.jar;C:\Users\madha\.m2\repository\org\hamcrest\hamcrest\2.2\hamcrest-2.2.jar;C:\Users\madha\.m2\repository\org\junit\jupiter\junit-jupiter\5.9.3\junit-jupiter-5.9.3.jar;C:\Users\madha\.m2\repository\org\junit\jupiter\junit-jupiter-api\5.9.3\junit-jupiter-api-5.9.3.jar;C:\Users\madha\.m2\repository\org\opentest4j\opentest4j\1.2.0\opentest4j-1.2.0.jar;C:\Users\madha\.m2\repository\org\junit\platform\junit-platform-commons\1.9.3\junit-platform-commons-1.9.3.jar;C:\Users\madha\.m2\repository\org\apiguardian\apiguardian-api\1.1.2\apiguardian-api-1.1.2.jar;C:\Users\madha\.m2\repository\org\junit\jupiter\junit-jupiter-params\5.9.3\junit-jupiter-params-5.9.3.jar;C:\Users\madha\.m2\repository\org\junit\jupiter\junit-jupiter-engine\5.9.3\junit-jupiter-engine-5.9.3.jar;C:\Users\madha\.m2\repository\org\junit\platform\junit-platform-engine\1.9.3\junit-platform-engine-1.9.3.jar;C:\Users\madha\.m2\repository\org\mockito\mockito-core\5.3.1\mockito-core-5.3.1.jar;C:\Users\madha\.m2\repository\net\bytebuddy\byte-buddy-agent\1.14.10\byte-buddy-agent-1.14.10.jar;C:\Users\madha\.m2\repository\org\objenesis\objenesis\3.3\objenesis-3.3.jar;C:\Users\madha\.m2\repository\org\mockito\mockito-junit-jupiter\5.3.1\mockito-junit-jupiter-5.3.1.jar;C:\Users\madha\.m2\repository\org\skyscreamer\jsonassert\1.5.1\jsonassert-1.5.1.jar;C:\Users\madha\.m2\repository\com\vaadin\external\google\android-json\0.0.20131108.vaadin1\android-json-0.0.20131108.vaadin1.jar;C:\Users\madha\.m2\repository\org\springframework\spring-core\6.0.14\spring-core-6.0.14.jar;C:\Users\madha\.m2\repository\org\springframework\spring-jcl\6.0.14\spring-jcl-6.0.14.jar;C:\Users\madha\.m2\repository\org\springframework\spring-test\6.0.14\spring-test-6.0.14.jar;C:\Users\madha\.m2\repository\org\xmlunit\xmlunit-core\2.9.1\xmlunit-core-2.9.1.jar;C:\Users\madha\.m2\repository\com\cloudinary\cloudinary-http44\1.30.0\cloudinary-http44-1.30.0.jar;C:\Users\madha\.m2\repository\com\cloudinary\cloudinary-core\1.30.0\cloudinary-core-1.30.0.jar;C:\Users\madha\.m2\repository\org\apache\commons\commons-lang3\3.12.0\commons-lang3-3.12.0.jar;C:\Users\madha\.m2\repository\org\apache\httpcomponents\httpclient\4.4\httpclient-4.4.jar;C:\Users\madha\.m2\repository\org\apache\httpcomponents\httpcore\4.4.16\httpcore-4.4.16.jar;C:\Users\madha\.m2\repository\commons-logging\commons-logging\1.2\commons-logging-1.2.jar;C:\Users\madha\.m2\repository\commons-codec\commons-codec\1.15\commons-codec-1.15.jar;C:\Users\madha\.m2\repository\org\apache\httpcomponents\httpmime\4.4\httpmime-4.4.jar;C:\Users\madha\.m2\repository\com\google\firebase\firebase-admin\7.0.0\firebase-admin-7.0.0.jar;C:\Users\madha\.m2\repository\com\google\api-client\google-api-client\1.30.10\google-api-client-1.30.10.jar;C:\Users\madha\.m2\repository\com\google\oauth-client\google-oauth-client\1.31.0\google-oauth-client-1.31.0.jar;C:\Users\madha\.m2\repository\com\google\http-client\google-http-client-jackson2\1.36.0\google-http-client-jackson2-1.36.0.jar;C:\Users\madha\.m2\repository\com\google\api-client\google-api-client-gson\1.30.10\google-api-client-gson-1.30.10.jar;C:\Users\madha\.m2\repository\com\google\http-client\google-http-client-gson\1.36.0\google-http-client-gson-1.36.0.jar;C:\Users\madha\.m2\repository\com\google\http-client\google-http-client\1.35.0\google-http-client-1.35.0.jar;C:\Users\madha\.m2\repository\com\google\code\findbugs\jsr305\3.0.2\jsr305-3.0.2.jar;C:\Users\madha\.m2\repository\com\google\j2objc\j2objc-annotations\1.3\j2objc-annotations-1.3.jar;C:\Users\madha\.m2\repository\io\opencensus\opencensus-api\0.24.0\opencensus-api-0.24.0.jar;C:\Users\madha\.m2\repository\io\opencensus\opencensus-contrib-http-util\0.24.0\opencensus-contrib-http-util-0.24.0.jar;C:\Users\madha\.m2\repository\com\google\api\api-common\1.9.2\api-common-1.9.2.jar;C:\Users\madha\.m2\repository\javax\annotation\javax.annotation-api\1.3.2\javax.annotation-api-1.3.2.jar;C:\Users\madha\.m2\repository\com\google\auto\value\auto-value-annotations\1.7.2\auto-value-annotations-1.7.2.jar;C:\Users\madha\.m2\repository\com\google\auth\google-auth-library-oauth2-http\0.20.0\google-auth-library-oauth2-http-0.20.0.jar;C:\Users\madha\.m2\repository\com\google\auth\google-auth-library-credentials\0.20.0\google-auth-library-credentials-0.20.0.jar;C:\Users\madha\.m2\repository\com\google\cloud\google-cloud-storage\1.110.0\google-cloud-storage-1.110.0.jar;C:\Users\madha\.m2\repository\com\google\guava\failureaccess\1.0.1\failureaccess-1.0.1.jar;C:\Users\madha\.m2\repository\com\google\guava\listenablefuture\9999.0-empty-to-avoid-conflict-with-guava\listenablefuture-9999.0-empty-to-avoid-conflict-with-guava.jar;C:\Users\madha\.m2\repository\org\checkerframework\checker-compat-qual\2.5.5\checker-compat-qual-2.5.5.jar;C:\Users\madha\.m2\repository\com\google\errorprone\error_prone_annotations\2.3.4\error_prone_annotations-2.3.4.jar;C:\Users\madha\.m2\repository\com\fasterxml\jackson\core\jackson-core\2.15.3\jackson-core-2.15.3.jar;C:\Users\madha\.m2\repository\com\google\apis\google-api-services-storage\v1-rev20200430-1.30.9\google-api-services-storage-v1-rev20200430-1.30.9.jar;C:\Users\madha\.m2\repository\com\google\code\gson\gson\2.10.1\gson-2.10.1.jar;C:\Users\madha\.m2\repository\com\google\cloud\google-cloud-core\1.93.6\google-cloud-core-1.93.6.jar;C:\Users\madha\.m2\repository\com\google\api\grpc\proto-google-common-protos\1.18.0\proto-google-common-protos-1.18.0.jar;C:\Users\madha\.m2\repository\com\google\cloud\google-cloud-core-http\1.93.6\google-cloud-core-http-1.93.6.jar;C:\Users\madha\.m2\repository\com\google\http-client\google-http-client-appengine\1.35.0\google-http-client-appengine-1.35.0.jar;C:\Users\madha\.m2\repository\com\google\api\gax-httpjson\0.74.0\gax-httpjson-0.74.0.jar;C:\Users\madha\.m2\repository\com\google\api\gax\1.57.0\gax-1.57.0.jar;C:\Users\madha\.m2\repository\io\grpc\grpc-context\1.30.0\grpc-context-1.30.0.jar;C:\Users\madha\.m2\repository\com\google\api\grpc\proto-google-iam-v1\0.13.0\proto-google-iam-v1-0.13.0.jar;C:\Users\madha\.m2\repository\com\google\protobuf\protobuf-java\3.12.2\protobuf-java-3.12.2.jar;C:\Users\madha\.m2\repository\com\google\protobuf\protobuf-java-util\3.12.2\protobuf-java-util-3.12.2.jar;C:\Users\madha\.m2\repository\org\threeten\threetenbp\1.4.4\threetenbp-1.4.4.jar;C:\Users\madha\.m2\repository\com\google\cloud\google-cloud-firestore\1.35.0\google-cloud-firestore-1.35.0.jar;C:\Users\madha\.m2\repository\com\google\cloud\google-cloud-core-grpc\1.93.6\google-cloud-core-grpc-1.93.6.jar;C:\Users\madha\.m2\repository\io\grpc\grpc-core\1.30.0\grpc-core-1.30.0.jar;C:\Users\madha\.m2\repository\com\google\android\annotations\4.1.1.4\annotations-4.1.1.4.jar;C:\Users\madha\.m2\repository\io\perfmark\perfmark-api\0.19.0\perfmark-api-0.19.0.jar;C:\Users\madha\.m2\repository\com\google\api\grpc\proto-google-cloud-firestore-admin-v1\1.35.0\proto-google-cloud-firestore-admin-v1-1.35.0.jar;C:\Users\madha\.m2\repository\com\google\api\grpc\proto-google-cloud-firestore-v1\1.35.0\proto-google-cloud-firestore-v1-1.35.0.jar;C:\Users\madha\.m2\repository\com\google\api\grpc\proto-google-cloud-firestore-v1beta1\0.88.0\proto-google-cloud-firestore-v1beta1-0.88.0.jar;C:\Users\madha\.m2\repository\io\opencensus\opencensus-contrib-grpc-util\0.24.0\opencensus-contrib-grpc-util-0.24.0.jar;C:\Users\madha\.m2\repository\io\grpc\grpc-protobuf\1.30.0\grpc-protobuf-1.30.0.jar;C:\Users\madha\.m2\repository\io\grpc\grpc-protobuf-lite\1.30.0\grpc-protobuf-lite-1.30.0.jar;C:\Users\madha\.m2\repository\org\codehaus\mojo\animal-sniffer-annotations\1.18\animal-sniffer-annotations-1.18.jar;C:\Users\madha\.m2\repository\io\grpc\grpc-api\1.30.0\grpc-api-1.30.0.jar;C:\Users\madha\.m2\repository\com\google\api\gax-grpc\1.57.0\gax-grpc-1.57.0.jar;C:\Users\madha\.m2\repository\io\grpc\grpc-auth\1.30.0\grpc-auth-1.30.0.jar;C:\Users\madha\.m2\repository\io\grpc\grpc-netty-shaded\1.30.0\grpc-netty-shaded-1.30.0.jar;C:\Users\madha\.m2\repository\io\grpc\grpc-alts\1.30.0\grpc-alts-1.30.0.jar;C:\Users\madha\.m2\repository\io\grpc\grpc-grpclb\1.30.0\grpc-grpclb-1.30.0.jar;C:\Users\madha\.m2\repository\org\conscrypt\conscrypt-openjdk-uber\2.2.1\conscrypt-openjdk-uber-2.2.1.jar;C:\Users\madha\.m2\repository\io\grpc\grpc-stub\1.30.0\grpc-stub-1.30.0.jar;C:\Users\madha\.m2\repository\com\google\guava\guava\29.0-android\guava-29.0-android.jar;C:\Users\madha\.m2\repository\org\slf4j\slf4j-api\2.0.9\slf4j-api-2.0.9.jar;C:\Users\madha\.m2\repository\io\netty\netty-codec-http\4.1.101.Final\netty-codec-http-4.1.101.Final.jar;C:\Users\madha\.m2\repository\io\netty\netty-common\4.1.101.Final\netty-common-4.1.101.Final.jar;C:\Users\madha\.m2\repository\io\netty\netty-buffer\4.1.101.Final\netty-buffer-4.1.101.Final.jar;C:\Users\madha\.m2\repository\io\netty\netty-codec\4.1.101.Final\netty-codec-4.1.101.Final.jar;C:\Users\madha\.m2\repository\io\netty\netty-handler\4.1.101.Final\netty-handler-4.1.101.Final.jar;C:\Users\madha\.m2\repository\io\netty\netty-resolver\4.1.101.Final\netty-resolver-4.1.101.Final.jar;C:\Users\madha\.m2\repository\io\netty\netty-transport-native-unix-common\4.1.101.Final\netty-transport-native-unix-common-4.1.101.Final.jar;C:\Users\madha\.m2\repository\io\netty\netty-transport\4.1.101.Final\netty-transport-4.1.101.Final.jar;C:\Users\madha\.m2\repository\org\springframework\data\spring-data-mongodb\4.1.6\spring-data-mongodb-4.1.6.jar;C:\Users\madha\.m2\repository\org\springframework\spring-tx\6.0.14\spring-tx-6.0.14.jar;C:\Users\madha\.m2\repository\org\springframework\spring-context\6.0.14\spring-context-6.0.14.jar;C:\Users\madha\.m2\repository\org\springframework\spring-beans\6.0.14\spring-beans-6.0.14.jar;C:\Users\madha\.m2\repository\org\springframework\spring-expression\6.0.14\spring-expression-6.0.14.jar;C:\Users\madha\.m2\repository\org\springframework\data\spring-data-commons\3.1.6\spring-data-commons-3.1.6.jar;C:\Users\madha\.m2\repository\org\mongodb\mongodb-driver-core\4.9.1\mongodb-driver-core-4.9.1.jar;C:\Users\madha\.m2\repository\org\mongodb\bson\4.9.1\bson-4.9.1.jar;C:\Users\madha\.m2\repository\org\mongodb\bson-record-codec\4.9.1\bson-record-codec-4.9.1.jar;C:\Users\madha\.m2\repository\org\springframework\boot\spring-boot-starter-data-mongodb\3.1.6\spring-boot-starter-data-mongodb-3.1.6.jar;C:\Users\madha\.m2\repository\org\mongodb\mongodb-driver-sync\4.9.1\mongodb-driver-sync-4.9.1.jar;"/>
    <property name="sun.cpu.endian" value="little"/>
    <property name="user.home" value="C:\Users\madha"/>
    <property name="user.language" value="en"/>
    <property name="java.specification.vendor" value="Oracle Corporation"/>
    <property name="java.version.date" value="2023-10-17"/>
    <property name="java.home" value="D:\DOMAIN\PROJECT\sts-4.21.0.RELEASE\plugins\org.eclipse.justj.openjdk.hotspot.jre.full.win32.x86_64_17.0.9.v20231028-0858\jre"/>
    <property name="file.separator" value="\"/>
    <property name="style.color" value="always"/>
    <property name="basedir" value="D:\DOMAIN\PROJECT\Online-_Tutorial_System_Backend"/>
    <property name="java.vm.compressedOopsMode" value="32-bit"/>
    <property name="line.separator" value="&#10;"/>
    <property name="java.vm.specification.vendor" value="Oracle Corporation"/>
    <property name="java.specification.name" value="Java Platform API Specification"/>
    <property name="FILE_LOG_CHARSET" value="windows-1252"/>
    <property name="java.awt.headless" value="true"/>
    <property name="surefire.real.class.path" value="C:\Users\madha\AppData\Local\Temp\surefire7600956211850208316\surefirebooter-20240824154044027_3.jar"/>
    <property name="user.script" value=""/>
    <property name="sun.management.compiler" value="HotSpot 64-Bit Tiered Compilers"/>
    <property name="java.runtime.version" value="17.0.9+9"/>
    <property name="user.name" value="madha"/>
    <property name="path.separator" value=";"/>
    <property name="os.version" value="10.0"/>
    <property name="java.runtime.name" value="OpenJDK Runtime Environment"/>
    <property name="file.encoding" value="Cp1252"/>
    <property name="java.vm.name" value="OpenJDK 64-Bit Server VM"/>
    <property name="java.vendor.version" value="Temurin-17.0.9+9"/>
    <property name="localRepository" value="C:\Users\madha\.m2\repository"/>
    <property name="java.vendor.url.bug" value="https://github.com/adoptium/adoptium-support/issues"/>
    <property name="java.io.tmpdir" value="C:\Users\madha\AppData\Local\Temp\"/>
    <property name="com.zaxxer.hikari.pool_number" value="1"/>
    <property name="java.version" value="17.0.9"/>
    <property name="user.dir" value="D:\DOMAIN\PROJECT\Online-_Tutorial_System_Backend"/>
    <property name="os.arch" value="amd64"/>
    <property name="java.vm.specification.name" value="Java Virtual Machine Specification"/>
    <property name="PID" value="19724"/>
    <property name="sun.os.patch.level" value=""/>
    <property name="CONSOLE_LOG_CHARSET" value="windows-1252"/>
    <property name="native.encoding" value="Cp1252"/>
    <property name="java.library.path" value="D:\DOMAIN\PROJECT\sts-4.21.0.RELEASE\plugins\org.eclipse.justj.openjdk.hotspot.jre.full.win32.x86_64_17.0.9.v20231028-0858\jre\bin;C:\Windows\Sun\Java\bin;C:\Windows\system32;C:\Windows;D:/DOMAIN/PROJECT/sts-4.21.0.RELEASE//plugins/org.eclipse.justj.openjdk.hotspot.jre.full.win32.x86_64_17.0.9.v20231028-0858/jre/bin/server;D:/DOMAIN/PROJECT/sts-4.21.0.RELEASE//plugins/org.eclipse.justj.openjdk.hotspot.jre.full.win32.x86_64_17.0.9.v20231028-0858/jre/bin;C:\Program Files (x86)\VMware\VMware Player\bin\;C:\Program Files\Common Files\Oracle\Java\javapath;C:\Windows\system32;C:\Windows;C:\Windows\System32\Wbem;C:\Windows\System32\WindowsPowerShell\v1.0\;C:\Windows\System32\OpenSSH\;C:\Program Files\MySQL\MySQL Server 8.0\bin;C:\Program Files\nodejs\;C:\Program Files\Git\cmd;C:\Program Files\MongoDB\mongosh-2.1.5-win32-x64\bin;C:\Program Files\MySQL\MySQL Shell 8.0\bin\;C:\Users\madha\AppData\Local\Programs\Python\Python311\Scripts\;C:\Users\madha\AppData\Local\Programs\Python\Python311\;C:\Users\madha\AppData\Local\Microsoft\WindowsApps;C:\Users\madha\AppData\Local\Programs\Microsoft VS Code\bin;C:\MinGW\bin;C:\Users\madha\AppData\Roaming\npm;C:\Users\madha\AppData\Local\Programs\mongosh\;C:\Program Files\php;C:\Users\madha\AppData\Local\GitHubDesktop\bin;D:\DOMAIN\PROJECT\sts-4.21.0.RELEASE;;."/>
    <property name="java.vm.info" value="mixed mode"/>
    <property name="java.vendor" value="Eclipse Adoptium"/>
    <property name="java.vm.version" value="17.0.9+9"/>
    <property name="sun.io.unicode.encoding" value="UnicodeLittle"/>
    <property name="java.class.version" value="61.0"/>
  </properties>
  <testcase name="contextLoads" classname="com.application.OnlineTutorialManagementApplicationTests" time="1.573">
    <system-out><![CDATA[15:40:46.146 [main] INFO org.springframework.test.context.support.AnnotationConfigContextLoaderUtils -- Could not detect default configuration classes for test class [com.application.OnlineTutorialManagementApplicationTests]: OnlineTutorialManagementApplicationTests does not declare any static, non-private, non-final, nested classes annotated with @Configuration.
15:40:46.370 [main] INFO org.springframework.boot.test.context.SpringBootTestContextBootstrapper -- Found @SpringBootConfiguration com.application.OnlineTutorialManagementApplication for test class com.application.OnlineTutorialManagementApplicationTests
15:40:46.737 [main] INFO org.springframework.boot.devtools.restart.RestartApplicationListener -- Restart disabled due to context in which it is running

  .   ____          _            __ _ _
 /\\ / ___'_ __ _ _(_)_ __  __ _ \ \ \ \
( ( )\___ | '_ | '_| | '_ \/ _` | \ \ \ \
 \\/  ___)| |_)| | | | | || (_| |  ) ) ) )
  '  |____| .__|_| |_|_| |_\__, | / / / /
 =========|_|==============|___/=/_/_/_/
 :: Spring Boot ::                (v3.1.6)

2024-08-24T15:40:47.444+05:30  INFO 19724 --- [           main] OnlineTutorialManagementApplicationTests : Starting OnlineTutorialManagementApplicationTests using Java 17.0.9 with PID 19724 (started by madha in D:\DOMAIN\PROJECT\Online-_Tutorial_System_Backend)
2024-08-24T15:40:47.447+05:30  INFO 19724 --- [           main] OnlineTutorialManagementApplicationTests : No active profile set, falling back to 1 default profile: "default"
2024-08-24T15:40:49.932+05:30  INFO 19724 --- [           main] .s.d.r.c.RepositoryConfigurationDelegate : Multiple Spring Data modules found, entering strict repository configuration mode
2024-08-24T15:40:49.936+05:30  INFO 19724 --- [           main] .s.d.r.c.RepositoryConfigurationDelegate : Bootstrapping Spring Data JPA repositories in DEFAULT mode.
2024-08-24T15:40:50.042+05:30  INFO 19724 --- [           main] .RepositoryConfigurationExtensionSupport : Spring Data JPA - Could not safely identify store assignment for repository candidate interface com.application.repository.AssignmentRepository; If you want this repository to be a JPA repository, consider annotating your entities with one of these annotations: jakarta.persistence.Entity, jakarta.persistence.MappedSuperclass (preferred), or consider extending one of the following types with your repository: org.springframework.data.jpa.repository.JpaRepository
2024-08-24T15:40:50.081+05:30  INFO 19724 --- [           main] .RepositoryConfigurationExtensionSupport : Spring Data JPA - Could not safely identify store assignment for repository candidate interface com.application.repository.NoteRepository; If you want this repository to be a JPA repository, consider annotating your entities with one of these annotations: jakarta.persistence.Entity, jakarta.persistence.MappedSuperclass (preferred), or consider extending one of the following types with your repository: org.springframework.data.jpa.repository.JpaRepository
2024-08-24T15:40:50.097+05:30  INFO 19724 --- [           main] .RepositoryConfigurationExtensionSupport : Spring Data JPA - Could not safely identify store assignment for repository candidate interface com.application.repository.VideoRepository; If you want this repository to be a JPA repository, consider annotating your entities with one of these annotations: jakarta.persistence.Entity, jakarta.persistence.MappedSuperclass (preferred), or consider extending one of the following types with your repository: org.springframework.data.jpa.repository.JpaRepository
2024-08-24T15:40:50.158+05:30  INFO 19724 --- [           main] .s.d.r.c.RepositoryConfigurationDelegate : Finished Spring Data repository scanning in 199 ms. Found 12 JPA repository interfaces.
2024-08-24T15:40:50.184+05:30  INFO 19724 --- [           main] .s.d.r.c.RepositoryConfigurationDelegate : Multiple Spring Data modules found, entering strict repository configuration mode
2024-08-24T15:40:50.184+05:30  INFO 19724 --- [           main] .s.d.r.c.RepositoryConfigurationDelegate : Bootstrapping Spring Data MongoDB repositories in DEFAULT mode.
2024-08-24T15:40:50.192+05:30  INFO 19724 --- [           main] .RepositoryConfigurationExtensionSupport : Spring Data MongoDB - Could not safely identify store assignment for repository candidate interface com.application.repository.Admin1Repository; If you want this repository to be a MongoDB repository, consider annotating your entities with one of these annotations: org.springframework.data.mongodb.core.mapping.Document (preferred), or consider extending one of the following types with your repository: org.springframework.data.mongodb.repository.MongoRepository
2024-08-24T15:40:50.193+05:30  INFO 19724 --- [           main] .RepositoryConfigurationExtensionSupport : Spring Data MongoDB - Could not safely identify store assignment for repository candidate interface com.application.repository.AttendanceRecordRepository; If you want this repository to be a MongoDB repository, consider annotating your entities with one of these annotations: org.springframework.data.mongodb.core.mapping.Document (preferred), or consider extending one of the following types with your repository: org.springframework.data.mongodb.repository.MongoRepository
2024-08-24T15:40:50.195+05:30  INFO 19724 --- [           main] .RepositoryConfigurationExtensionSupport : Spring Data MongoDB - Could not safely identify store assignment for repository candidate interface com.application.repository.ChapterRepository; If you want this repository to be a MongoDB repository, consider annotating your entities with one of these annotations: org.springframework.data.mongodb.core.mapping.Document (preferred), or consider extending one of the following types with your repository: org.springframework.data.mongodb.repository.MongoRepository
2024-08-24T15:40:50.197+05:30  INFO 19724 --- [           main] .RepositoryConfigurationExtensionSupport : Spring Data MongoDB - Could not safely identify store assignment for repository candidate interface com.application.repository.CourseRepository; If you want this repository to be a MongoDB repository, consider annotating your entities with one of these annotations: org.springframework.data.mongodb.core.mapping.Document (preferred), or consider extending one of the following types with your repository: org.springframework.data.mongodb.repository.MongoRepository
2024-08-24T15:40:50.198+05:30  INFO 19724 --- [           main] .RepositoryConfigurationExtensionSupport : Spring Data MongoDB - Could not safely identify store assignment for repository candidate interface com.application.repository.EnrollmentRepository; If you want this repository to be a MongoDB repository, consider annotating your entities with one of these annotations: org.springframework.data.mongodb.core.mapping.Document (preferred), or consider extending one of the following types with your repository: org.springframework.data.mongodb.repository.MongoRepository
2024-08-24T15:40:50.199+05:30  INFO 19724 --- [           main] .RepositoryConfigurationExtensionSupport : Spring Data MongoDB - Could not safely identify store assignment for repository candidate interface com.application.repository.FeedbackRepository; If you want this repository to be a MongoDB repository, consider annotating your entities with one of these annotations: org.springframework.data.mongodb.core.mapping.Document (preferred), or consider extending one of the following types with your repository: org.springframework.data.mongodb.repository.MongoRepository
2024-08-24T15:40:50.199+05:30  INFO 19724 --- [           main] .RepositoryConfigurationExtensionSupport : Spring Data MongoDB - Could not safely identify store assignment for repository candidate interface com.application.repository.Info; If you want this repository to be a MongoDB repository, consider annotating your entities with one of these annotations: org.springframework.data.mongodb.core.mapping.Document (preferred), or consider extending one of the following types with your repository: org.springframework.data.mongodb.repository.MongoRepository
2024-08-24T15:40:50.201+05:30  INFO 19724 --- [           main] .RepositoryConfigurationExtensionSupport : Spring Data MongoDB - Could not safely identify store assignment for repository candidate interface com.application.repository.ProfessorRepository; If you want this repository to be a MongoDB repository, consider annotating your entities with one of these annotations: org.springframework.data.mongodb.core.mapping.Document (preferred), or consider extending one of the following types with your repository: org.springframework.data.mongodb.repository.MongoRepository
2024-08-24T15:40:50.201+05:30  INFO 19724 --- [           main] .RepositoryConfigurationExtensionSupport : Spring Data MongoDB - Could not safely identify store assignment for repository candidate interface com.application.repository.StudentGradeRepository; If you want this repository to be a MongoDB repository, consider annotating your entities with one of these annotations: org.springframework.data.mongodb.core.mapping.Document (preferred), or consider extending one of the following types with your repository: org.springframework.data.mongodb.repository.MongoRepository
2024-08-24T15:40:50.202+05:30  INFO 19724 --- [           main] .RepositoryConfigurationExtensionSupport : Spring Data MongoDB - Could not safely identify store assignment for repository candidate interface com.application.repository.TestRepository; If you want this repository to be a MongoDB repository, consider annotating your entities with one of these annotations: org.springframework.data.mongodb.core.mapping.Document (preferred), or consider extending one of the following types with your repository: org.springframework.data.mongodb.repository.MongoRepository
2024-08-24T15:40:50.203+05:30  INFO 19724 --- [           main] .RepositoryConfigurationExtensionSupport : Spring Data MongoDB - Could not safely identify store assignment for repository candidate interface com.application.repository.UserRepository; If you want this repository to be a MongoDB repository, consider annotating your entities with one of these annotations: org.springframework.data.mongodb.core.mapping.Document (preferred), or consider extending one of the following types with your repository: org.springframework.data.mongodb.repository.MongoRepository
2024-08-24T15:40:50.204+05:30  INFO 19724 --- [           main] .RepositoryConfigurationExtensionSupport : Spring Data MongoDB - Could not safely identify store assignment for repository candidate interface com.application.repository.WishlistRepository; If you want this repository to be a MongoDB repository, consider annotating your entities with one of these annotations: org.springframework.data.mongodb.core.mapping.Document (preferred), or consider extending one of the following types with your repository: org.springframework.data.mongodb.repository.MongoRepository
2024-08-24T15:40:50.222+05:30  INFO 19724 --- [           main] .s.d.r.c.RepositoryConfigurationDelegate : Finished Spring Data repository scanning in 37 ms. Found 3 MongoDB repository interfaces.
2024-08-24T15:40:51.479+05:30  INFO 19724 --- [           main] o.hibernate.jpa.internal.util.LogHelper  : HHH000204: Processing PersistenceUnitInfo [name: default]
2024-08-24T15:40:51.701+05:30  INFO 19724 --- [           main] org.hibernate.Version                    : HHH000412: Hibernate ORM core version 6.2.13.Final
2024-08-24T15:40:51.708+05:30  INFO 19724 --- [           main] org.hibernate.cfg.Environment            : HHH000406: Using bytecode reflection optimizer
2024-08-24T15:40:53.018+05:30  INFO 19724 --- [           main] o.s.o.j.p.SpringPersistenceUnitInfo      : No LoadTimeWeaver setup: ignoring JPA class transformer
2024-08-24T15:40:53.109+05:30  INFO 19724 --- [           main] com.zaxxer.hikari.HikariDataSource       : HikariPool-1 - Starting...
2024-08-24T15:40:59.683+05:30  INFO 19724 --- [           main] com.zaxxer.hikari.pool.HikariPool        : HikariPool-1 - Added connection com.mysql.cj.jdbc.ConnectionImpl@4f552aa2
2024-08-24T15:40:59.687+05:30  INFO 19724 --- [           main] com.zaxxer.hikari.HikariDataSource       : HikariPool-1 - Start completed.
2024-08-24T15:41:00.172+05:30  WARN 19724 --- [           main] org.hibernate.orm.deprecation            : HHH90000025: MySQL57Dialect does not need to be specified explicitly using 'hibernate.dialect' (remove the property setting and it will be selected by default)
2024-08-24T15:41:00.174+05:30  WARN 19724 --- [           main] org.hibernate.orm.deprecation            : HHH90000026: MySQL57Dialect has been deprecated; use org.hibernate.dialect.MySQLDialect instead
2024-08-24T15:41:02.880+05:30  INFO 19724 --- [           main] o.h.e.t.j.p.i.JtaPlatformInitiator       : HHH000489: No JTA platform available (set 'hibernate.transaction.jta.platform' to enable JTA platform integration)
2024-08-24T15:41:03.906+05:30  INFO 19724 --- [           main] j.LocalContainerEntityManagerFactoryBean : Initialized JPA EntityManagerFactory for persistence unit 'default'
2024-08-24T15:41:04.690+05:30  INFO 19724 --- [xih.mongodb.net] org.mongodb.driver.cluster               : Adding discovered server ac-sdjjuix-shard-00-00.maixxih.mongodb.net:27017 to client view of cluster
2024-08-24T15:41:04.704+05:30  INFO 19724 --- [           main] org.mongodb.driver.client                : MongoClient with metadata {"driver": {"name": "mongo-java-driver|sync|spring-boot", "version": "4.9.1"}, "os": {"type": "Windows", "name": "Windows 11", "architecture": "amd64", "version": "10.0"}, "platform": "Java/Eclipse Adoptium/17.0.9+9"} created with settings MongoClientSettings{readPreference=primary, writeConcern=WriteConcern{w=null, wTimeout=null ms, journal=null}, retryWrites=true, retryReads=true, readConcern=ReadConcern{level=null}, credential=MongoCredential{mechanism=null, userName='madhav', source='admin', password=<hidden>, mechanismProperties=<hidden>}, streamFactoryFactory=null, commandListeners=[io.micrometer.core.instrument.binder.mongodb.MongoMetricsCommandListener@5e572b08], codecRegistry=ProvidersCodecRegistry{codecProviders=[ValueCodecProvider{}, BsonValueCodecProvider{}, DBRefCodecProvider{}, DBObjectCodecProvider{}, DocumentCodecProvider{}, CollectionCodecProvider{}, IterableCodecProvider{}, MapCodecProvider{}, GeoJsonCodecProvider{}, GridFSFileCodecProvider{}, Jsr310CodecProvider{}, JsonObjectCodecProvider{}, BsonCodecProvider{}, EnumCodecProvider{}, com.mongodb.client.model.mql.ExpressionCodecProvider@5263f554, com.mongodb.Jep395RecordCodecProvider@7d28efd5]}, loggerSettings=LoggerSettings{maxDocumentLength=1000}, clusterSettings={hosts=[127.0.0.1:27017], srvHost=madhav.maixxih.mongodb.net, srvServiceName=mongodb, mode=MULTIPLE, requiredClusterType=REPLICA_SET, requiredReplicaSetName='atlas-106n01-shard-0', serverSelector='null', clusterListeners='[]', serverSelectionTimeout='30000 ms', localThreshold='30000 ms'}, socketSettings=SocketSettings{connectTimeoutMS=10000, readTimeoutMS=0, receiveBufferSize=0, sendBufferSize=0}, heartbeatSocketSettings=SocketSettings{connectTimeoutMS=10000, readTimeoutMS=10000, receiveBufferSize=0, sendBufferSize=0}, connectionPoolSettings=ConnectionPoolSettings{maxSize=100, minSize=0, maxWaitTimeMS=120000, maxConnectionLifeTimeMS=0, maxConnectionIdleTimeMS=0, maintenanceInitialDelayMS=0, maintenanceFrequencyMS=60000, connectionPoolListeners=[io.micrometer.core.instrument.binder.mongodb.MongoMetricsConnectionPoolListener@1067192a], maxConnecting=2}, serverSettings=ServerSettings{heartbeatFrequencyMS=10000, minHeartbeatFrequencyMS=500, serverListeners='[]', serverMonitorListeners='[]'}, sslSettings=SslSettings{enabled=true, invalidHostNameAllowed=false, context=null}, applicationName='null', compressorList=[], uuidRepresentation=JAVA_LEGACY, serverApi=null, autoEncryptionSettings=null, contextProvider=null}
2024-08-24T15:41:04.765+05:30  INFO 19724 --- [xih.mongodb.net] org.mongodb.driver.cluster               : Adding discovered server ac-sdjjuix-shard-00-01.maixxih.mongodb.net:27017 to client view of cluster
2024-08-24T15:41:04.768+05:30  INFO 19724 --- [xih.mongodb.net] org.mongodb.driver.cluster               : Adding discovered server ac-sdjjuix-shard-00-02.maixxih.mongodb.net:27017 to client view of cluster
2024-08-24T15:41:05.491+05:30  INFO 19724 --- [ngodb.net:27017] org.mongodb.driver.cluster               : Monitor thread successfully connected to server with description ServerDescription{address=ac-sdjjuix-shard-00-01.maixxih.mongodb.net:27017, type=REPLICA_SET_SECONDARY, state=CONNECTED, ok=true, minWireVersion=0, maxWireVersion=21, maxDocumentSize=16777216, logicalSessionTimeoutMinutes=30, roundTripTimeNanos=399735500, setName='atlas-106n01-shard-0', canonicalAddress=ac-sdjjuix-shard-00-01.maixxih.mongodb.net:27017, hosts=[ac-sdjjuix-shard-00-00.maixxih.mongodb.net:27017, ac-sdjjuix-shard-00-01.maixxih.mongodb.net:27017, ac-sdjjuix-shard-00-02.maixxih.mongodb.net:27017], passives=[], arbiters=[], primary='ac-sdjjuix-shard-00-02.maixxih.mongodb.net:27017', tagSet=TagSet{[Tag{name='availabilityZone', value='aps1-az3'}, Tag{name='diskState', value='READY'}, Tag{name='nodeType', value='ELECTABLE'}, Tag{name='provider', value='AWS'}, Tag{name='region', value='AP_SOUTH_1'}, Tag{name='workloadType', value='OPERATIONAL'}]}, electionId=null, setVersion=64, topologyVersion=TopologyVersion{processId=66c8ef2a1709bdfe61eea3c5, counter=3}, lastWriteDate=Sat Aug 24 15:41:09 IST 2024, lastUpdateTimeNanos=774213862395700}
2024-08-24T15:41:05.491+05:30  INFO 19724 --- [ngodb.net:27017] org.mongodb.driver.cluster               : Monitor thread successfully connected to server with description ServerDescription{address=ac-sdjjuix-shard-00-00.maixxih.mongodb.net:27017, type=REPLICA_SET_SECONDARY, state=CONNECTED, ok=true, minWireVersion=0, maxWireVersion=21, maxDocumentSize=16777216, logicalSessionTimeoutMinutes=30, roundTripTimeNanos=391584200, setName='atlas-106n01-shard-0', canonicalAddress=ac-sdjjuix-shard-00-00.maixxih.mongodb.net:27017, hosts=[ac-sdjjuix-shard-00-00.maixxih.mongodb.net:27017, ac-sdjjuix-shard-00-01.maixxih.mongodb.net:27017, ac-sdjjuix-shard-00-02.maixxih.mongodb.net:27017], passives=[], arbiters=[], primary='ac-sdjjuix-shard-00-02.maixxih.mongodb.net:27017', tagSet=TagSet{[Tag{name='availabilityZone', value='aps1-az1'}, Tag{name='diskState', value='READY'}, Tag{name='nodeType', value='ELECTABLE'}, Tag{name='provider', value='AWS'}, Tag{name='region', value='AP_SOUTH_1'}, Tag{name='workloadType', value='OPERATIONAL'}]}, electionId=null, setVersion=64, topologyVersion=TopologyVersion{processId=66c8ec165e934575afed1837, counter=4}, lastWriteDate=Sat Aug 24 15:41:09 IST 2024, lastUpdateTimeNanos=774213862248900}
2024-08-24T15:41:05.491+05:30  INFO 19724 --- [ngodb.net:27017] org.mongodb.driver.cluster               : Monitor thread successfully connected to server with description ServerDescription{address=ac-sdjjuix-shard-00-02.maixxih.mongodb.net:27017, type=REPLICA_SET_PRIMARY, state=CONNECTED, ok=true, minWireVersion=0, maxWireVersion=21, maxDocumentSize=16777216, logicalSessionTimeoutMinutes=30, roundTripTimeNanos=385817700, setName='atlas-106n01-shard-0', canonicalAddress=ac-sdjjuix-shard-00-02.maixxih.mongodb.net:27017, hosts=[ac-sdjjuix-shard-00-00.maixxih.mongodb.net:27017, ac-sdjjuix-shard-00-01.maixxih.mongodb.net:27017, ac-sdjjuix-shard-00-02.maixxih.mongodb.net:27017], passives=[], arbiters=[], primary='ac-sdjjuix-shard-00-02.maixxih.mongodb.net:27017', tagSet=TagSet{[Tag{name='availabilityZone', value='aps1-az2'}, Tag{name='diskState', value='READY'}, Tag{name='nodeType', value='ELECTABLE'}, Tag{name='provider', value='AWS'}, Tag{name='region', value='AP_SOUTH_1'}, Tag{name='workloadType', value='OPERATIONAL'}]}, electionId=7fffffff000000000000004c, setVersion=64, topologyVersion=TopologyVersion{processId=66c8edb10823d0a6907b35f0, counter=6}, lastWriteDate=Sat Aug 24 15:41:09 IST 2024, lastUpdateTimeNanos=774213862248700}
2024-08-24T15:41:05.532+05:30  INFO 19724 --- [ngodb.net:27017] org.mongodb.driver.cluster               : Discovered replica set primary ac-sdjjuix-shard-00-02.maixxih.mongodb.net:27017 with max election id 7fffffff000000000000004c and max set version 64
2024-08-24T15:41:06.867+05:30  INFO 19724 --- [           main] o.s.d.j.r.query.QueryEnhancerFactory     : Hibernate is in classpath; If applicable, HQL parser will be used.
2024-08-24T15:41:07.761+05:30  WARN 19724 --- [           main] JpaBaseConfiguration$JpaWebConfiguration : spring.jpa.open-in-view is enabled by default. Therefore, database queries may be performed during view rendering. Explicitly configure spring.jpa.open-in-view to disable this warning
2024-08-24T15:41:09.532+05:30  INFO 19724 --- [           main] o.s.b.a.e.web.EndpointLinksResolver      : Exposing 1 endpoint(s) beneath base path '/actuator'
2024-08-24T15:41:09.720+05:30  INFO 19724 --- [           main] OnlineTutorialManagementApplicationTests : Started OnlineTutorialManagementApplicationTests in 23.015 seconds (process running for 25.382)
]]></system-out>
  </testcase>
</testsuite>